20230916	17:54:00	aac271ac-3c81-41cb-b863-5d7b047110ee	GET	/	undefined
20230916	17:54:27	32b7ecbd-3b94-4a27-90da-91da1a729931	GET	/	undefined
20230916	17:54:27	06e5d1fb-c09a-446a-a59f-b30e6e9d7ffa	GET	/css/index.css	undefined
20230916	17:54:28	6773e93e-0638-4f5b-a871-94664198dd14	GET	/	undefined
20230916	17:54:28	b98c6af2-ab89-43d1-ae59-c9552d1b250b	GET	/css/index.css	undefined
20230916	17:54:50	13c17838-e6fe-4aef-a758-836e6fbaf8f5	GET	/	undefined
20230916	17:54:50	61612ca2-f8f0-4a76-b54d-b7f8d3c26532	GET	/css/index.css	undefined
20230916	18:02:03	d7c05ffa-c50a-4085-a312-e4b6d36f60e7	GET	/	undefined
20230916	18:02:03	d197b062-0f7d-4aa1-b4ed-905edbaa040b	GET	/css/index.css	undefined
20230916	18:08:57	c4a30f37-ea2a-4b8a-a746-6998aaf6a0bb	GET	/	undefined
20230916	18:08:57	756847ce-91b3-4bf3-93e1-8855dcdc0978	GET	/css/index.css	undefined
20230916	18:37:24	671b580d-0f3e-4648-bdfc-74bba0545a7f	GET	/	undefined
20230916	18:37:24	8defde02-8f8b-48c6-ab5e-25eaa73479de	GET	/css/index.css	undefined
20230916	23:18:24	dfed2b54-80cc-4c07-b97d-94ce496ed635	GET	/	undefined
20230916	23:18:24	693d2837-e069-4363-82b1-68bcc6fef5af	GET	/css/index.css	undefined
20230916	23:18:25	e5590e80-9c7c-4e16-b1c7-a5136b693e4f	GET	/favicon.ico	undefined
20230916	23:24:04	36bffcb5-6495-4fae-9712-8fc510fe40e4	GET	/	undefined
20230916	23:24:04	a9871677-0bcf-4cd7-8bbe-4ece783ffb68	GET	/css/index.css	undefined
20230916	23:24:14	d4d09f8f-c1f8-4909-bbfa-5513299d533b	GET	/products	undefined
20230916	23:25:33	b03f28cf-a200-47b8-a312-735f914645ec	GET	/index	undefined
20230916	23:26:02	b8e490c8-6131-48cb-82fd-07f93304d0d5	GET	/index	undefined
20230916	23:26:08	6d7f17e3-1c2d-4ce5-b38c-69c327f2eb4d	GET	/	undefined
20230916	23:26:08	5d819751-e151-470c-a33f-f71ad7383341	GET	/css/index.css	undefined
20230916	23:26:16	3f5c6fc0-9577-4bea-8bf0-a359ddd0f91d	GET	/index	undefined
20230916	23:30:59	94412f5e-3499-4163-9b1f-c28101a20cfb	GET	/index	undefined
20230916	23:31:02	97c0e9dd-64c2-4562-9f78-1d79a3c08705	GET	/	undefined
20230916	23:31:02	ceed23e8-dc1c-4d03-ad48-6f385c2965bf	GET	/css/index.css	undefined
20230916	23:32:45	3fd5744c-7c77-4d6d-8ccd-1ea07b74cd46	GET	/	undefined
20230916	23:32:48	a833afa8-7ff4-46c0-a8c7-dc4e1ba0f23c	GET	/	undefined
20230916	23:32:55	05d4aafd-6c39-4f40-86a1-15a231201611	GET	/	undefined
20230916	23:32:57	11695f64-8240-4ea8-bd1a-4c508d8b4b23	GET	/	undefined
20230916	23:33:01	6364d08a-1e29-49c5-a995-85064290acc7	GET	/index	undefined
20230916	23:33:05	05cc2fd5-a34e-4805-83eb-cdfbb2dcff15	GET	/	undefined
20230916	23:33:37	6ec983c0-8f84-43c3-982e-fc96e31b9a74	GET	/	undefined
20230916	23:33:37	2acd7062-8ce3-4826-9b26-0c39ac857b4d	GET	/css/index.css	undefined
20230916	23:33:42	448ad4c7-b813-4ca0-a7a8-0bb96ea5c491	GET	/index	undefined
20230916	23:35:49	67dfe799-b2a7-4b7a-a8b3-1c1afdcfb61e	GET	/index	undefined
20230916	23:35:53	eb6d7175-e7c3-486f-bc7b-75d7ef069f45	GET	/	undefined
20230916	23:35:53	a777dcd5-fd52-4693-838d-d024368fa5e5	GET	/css/index.css	undefined
20230916	23:37:42	0747dcb4-7399-460e-97b5-af009552df7a	GET	/	undefined
20230916	23:37:43	81b7604f-b020-4316-90e8-ef23b32f2563	GET	/css/index.css	undefined
20230916	23:37:45	714a6f49-edb6-4f48-ae30-63802b274050	GET	/index	undefined
20230916	23:39:26	e465aaa2-d197-4ee4-81f6-4f382484ee7c	GET	/	undefined
20230916	23:39:26	089a823e-39aa-4491-9030-b028fd5bda36	GET	/css/index.css	undefined
20230916	23:39:31	fa6cd65d-dd09-4d01-9e2a-86e39aafd94f	GET	/index	undefined
20230916	23:39:31	7aff2435-85be-4b91-a1c6-c8819cd4f89e	GET	/css/index.css	undefined
20230916	23:39:41	2d05ef7a-f0a0-412d-a248-6bbc040e2dd1	GET	/index.html	undefined
20230916	23:39:41	01a03293-b5cc-4157-8531-5d9d2d7edf17	GET	/css/index.css	undefined
20230916	23:39:46	03f7b328-776d-459c-a44c-ebb4ca40eab9	GET	/	undefined
20230916	23:39:46	e5daaf8c-a6e8-4536-88b1-b430733c3b39	GET	/css/index.css	undefined
20230916	23:40:13	0184568a-13f4-4a24-92b5-f1f07e391757	GET	/products	undefined
20230916	23:40:46	a97b61a3-6480-456c-bf5c-62258ea00452	GET	/	undefined
20230916	23:40:46	f307675c-cf15-45e3-b6d9-b75b25785988	GET	/css/index.css	undefined
20230916	23:40:57	334f91ce-0b2c-455a-8ea7-37521eb36063	GET	/products	undefined
20230916	23:41:53	bb70e10d-f8ea-4c70-863f-43b41e09acca	GET	/products	undefined
20230916	23:44:59	6bf3ac3b-d374-4e92-9809-accfa94269ca	GET	/products	undefined
20230916	23:51:06	72edae22-f09f-4836-8136-cb2710356281	GET	/products	undefined
20230917	00:10:24	637cfaa4-701d-4eae-95b5-2e0f1fe29a41	POST	/products	undefined
20230917	00:13:45	5a41ae46-1f83-496a-85a9-a2ad123a68c3	POST	/products	undefined
20230917	00:14:22	6c09ff06-6d4c-4849-bf95-2f608941adc9	GET	/products	undefined
20230917	00:15:50	e60800f6-bfc5-4407-9626-bbf2e53dd8b5	GET	/products	undefined
20230917	00:19:06	7c2f57b9-9b5e-4a0a-bed1-dfb7cc1d2ff7	GET	/products	undefined
20230917	00:19:43	4eae8e3e-93c0-4011-9f50-ac7bd3706118	POST	/products	undefined
20230917	00:20:46	25c22610-e41f-45c3-afec-5ba94afd2518	POST	/products	undefined
20230917	00:22:04	4b1e755e-773a-4255-8966-82edf11a950c	GET	/products	undefined
20230917	00:27:30	5e471260-0664-47fd-83ef-d25f0975ac53	POST	/products	undefined
20230917	00:32:17	90fb3d82-5892-4606-9c4c-721bf52e803f	POST	/products	undefined
20230917	00:32:34	5f621c38-0d06-4f5d-a410-0f829acd2cf2	GET	/products	undefined
20230917	00:49:51	05a0ddfe-da13-46de-9243-22416e8f81a7	GET	/products	undefined
20230917	00:51:38	bb279013-ae16-445e-94fe-e1216ec17d5a	POST	/products	undefined
20230917	00:52:19	24982a17-038f-4d5f-a108-66945f23b598	PATCH	/products	undefined
20230917	01:42:17	aaf9f650-c835-4766-9b10-a860a95740b2	GET	/css/index.css	undefined
20230917	01:50:08	075ef1f6-2053-4d5b-81c9-1a17ad1b0018	PATCH	/products	undefined
20230917	01:50:15	fadc2dce-bbf6-4880-9fd8-41dd706fd10d	GET	/products	undefined
20230917	01:51:35	437cd0d4-4cf1-4041-88a7-5da9f801bbf9	GET	/products	undefined
20230917	01:51:55	97f165da-cb6d-4952-be1f-ac99f27201d2	PATCH	/products	undefined
20230917	01:57:33	b55387d5-0bc7-4a0c-8f29-a2ed8c52ef59	PATCH	/products	undefined
20230917	02:00:50	f84f11b5-a683-4b65-ab94-1148e6c1fbc4	PATCH	/products	undefined
20230917	02:01:58	4f2985d4-344e-4da3-a632-bd50b25cb664	GET	/products	undefined
20230917	02:02:28	90045c0e-e1b1-4f5e-a806-7d3641944561	GET	/products	undefined
20230917	02:03:21	70fa2780-d397-4f95-a520-0a918e670e7f	GET	/products	undefined
20230917	02:05:57	495332f8-0ef2-42a6-90b8-27334a26e63f	GET	/products	undefined
20230917	02:09:31	b51bb578-cfce-454b-ad61-42a868cab3c3	GET	/	undefined
20230917	02:09:31	400bd96a-f779-41c8-9a03-44ed71ac3dcd	GET	/css/index.css	undefined
20230917	02:09:31	843a19eb-0c70-4d11-baf0-63b1b317d514	GET	/favicon.ico	undefined
20230917	02:10:21	ed821c0a-e696-4076-82c1-a7143765eced	GET	/products	undefined
20230917	02:10:59	3552e50e-0cb8-4279-8c96-6612b818443f	PATCH	/products	undefined
20230917	02:12:20	2d7dd7c1-a89b-4ece-9bce-0cd8a4ecf865	POST	/products	undefined
20230917	02:12:40	60e02810-643b-4cf0-994c-d63999cd7484	POST	/products	undefined
20230917	02:13:28	96a5db7d-25ae-4b8d-9ebb-9882ecc81c95	POST	/products	undefined
20230917	02:14:52	d0882626-bc72-4ed6-a206-d3012d82d0f5	POST	/products	undefined
20230917	02:16:31	62083ace-7360-4b7e-9229-853b87b81bda	POST	/products	undefined
20230917	02:19:41	09f06f17-a857-4421-8fc7-7b3be4e5302d	PATCH	/products	undefined
20230917	11:20:05	c6749c27-9016-4fbd-ab23-68604530bc48	GET	/	undefined
20230917	11:20:05	247596c1-fa47-4264-b8aa-2bda1f34d3e0	GET	/css/index.css	undefined
20230917	11:20:06	8e6d27c4-01aa-46af-b2d0-b98ff51af8e3	GET	/favicon.png	undefined
20230917	11:20:14	11faf262-0bbd-4102-b8eb-7a7d73a6f936	GET	/404	undefined
20230917	11:21:07	224a9f31-182c-429f-afc0-488c42f9d0bc	GET	/	undefined
20230917	11:21:07	32929aa7-9c22-46ff-b8ed-31ab41debb07	GET	/css/index.css	undefined
20230917	11:21:30	6e12c4b9-00e7-46bc-83dd-c6fdde73808d	GET	/	undefined
20230917	11:21:30	8d5996b2-9fcc-439f-a292-9be8378949af	GET	/css/index.css	undefined
20230917	11:21:30	7389d872-f824-4702-b734-a4a40e88b164	GET	/img/favicon.png	undefined
20230917	11:22:34	f5900374-e5a0-4eb9-b458-b86bee9a63ca	GET	/404	undefined
20230917	11:25:40	492caebc-2be6-47e0-a4da-aca06810cdd5	GET	/404	undefined
20230917	17:23:56	463ad30d-c820-4c82-be99-8e407a607a18	GET	/	undefined
20230917	17:23:56	8559ebd7-f3f6-44d3-9fc8-52da94a5f85e	GET	/css/index.css	undefined
20230917	17:25:25	09552294-6cdf-4442-ad56-5b05f6287f3d	PATCH	/products	undefined
20230917	17:27:27	eae4bc1b-e63e-483c-88bc-ff53ed82c492	GET	/products	undefined
20230917	17:36:28	b5fb33d9-63c6-48cb-b172-cb5c7b3fd94f	DELETE	/products	undefined
20230917	17:38:51	d313da58-8038-4ceb-bf06-e33e6737e618	PATCH	/products	undefined
20230917	17:40:23	b2e01bf4-1ae6-44b5-82bc-cbcdc6efa53a	PATCH	/products	undefined
20230917	17:41:02	abb42fdf-0a99-4dfa-b2a2-72176e213887	PATCH	/products	undefined
20230917	17:41:42	93c0aa11-58c6-4824-9c93-db49b7d7113e	PATCH	/products	undefined
20230917	17:43:12	5fbdb94b-b2cd-48f2-91f0-56bf218f4ade	PATCH	/products	undefined
20230917	17:43:39	c4144a47-61e3-4118-ae16-8c55a7a300ff	PATCH	/products	undefined
20230917	17:44:44	74ab429c-7703-4364-b7ef-56a21de9c69d	DELETE	/products	undefined
20230917	17:45:13	2e339dbe-d301-418f-aacb-61e95510c2fa	DELETE	/products	undefined
20230917	17:45:18	977cbf06-2075-476d-91e2-f0de82fc73a4	DELETE	/products	undefined
20230917	18:12:29	f381e7a0-5ff3-40a4-b3f9-b201c6f722f5	GET	/40	undefined
20230917	18:12:29	c93bf3b9-cc47-4048-b2a9-7b1831b51150	GET	/css/index.css	undefined
20230918	11:05:41	10c953b5-1e1b-4c7e-babe-1cd6f6c6cc50	GET	/	undefined
20230918	11:05:41	200fc213-2084-47ff-85f7-ced74d6ce3e6	GET	/css/index.css	undefined
20230918	11:05:41	07a4c17d-1b10-4fa1-92db-a1c6a341a9e5	GET	/img/favicon.png	undefined
20230918	11:06:05	3619aafe-6fc3-4555-88ee-ecb392df2293	PATCH	/products	undefined
20230918	11:06:18	537d123e-fd3a-4ba6-b286-4923bb99d71e	GET	/products	undefined
20230918	11:07:06	eda6161b-b71d-469c-b80f-efd0826f2046	DELETE	/products	undefined
20230918	16:37:39	c0c7c6d7-065e-4cf1-9e0d-3f009e4e0498	GET	/	undefined
20230918	16:37:39	926af0a6-59b2-4a79-aaea-e2223c36bcf4	GET	/css/index.css	undefined
20230918	16:37:39	feb772ff-4236-4075-89ab-f653ba841a96	GET	/img/favicon.png	undefined
20230918	16:43:44	eb3214d6-acaf-471b-82ed-f020b26ec505	DELETE	/products	undefined
20230918	16:46:23	1d61c979-d2cf-409e-93bb-c2dbab2327e3	DELETE	/products	undefined
20230918	16:46:58	c0a91862-5fc3-4a76-ab4a-e2a434b6164f	DELETE	/products	undefined
20230918	16:50:27	17355637-72f6-47a4-8809-37cc8f665f69	GET	/products	undefined
20230918	16:51:09	e74387c1-9016-4ad9-99db-23f422d3298d	DELETE	/products	undefined
20230918	16:51:18	6192665c-f7ae-4281-8a6b-8a3f874eb955	DELETE	/products	undefined
20230918	16:51:22	034e2408-8ce7-45fd-843a-bfe044e69eae	DELETE	/products	undefined
20230918	16:52:01	0154fd65-0ab2-4bce-8ea0-7c8832f743f6	DELETE	/products	undefined
20230918	16:53:36	ea45f796-9c41-4b97-b8bc-cd710d7cf940	DELETE	/products	undefined
20230918	16:53:50	abf9b74b-e16f-4206-8b44-965c57731f20	DELETE	/products	undefined
20230918	16:54:44	6228d2dd-03d4-4d89-a0c3-da3975412873	DELETE	/products	undefined
20230918	16:55:48	febebda3-2573-4601-81af-e6f035a5250b	DELETE	/products	undefined
20230918	16:55:56	e68d4e65-5b55-48ce-b95d-ebd559ac127f	GET	/products	undefined
20230918	16:56:12	18389c0b-afee-44b4-bd6a-74b69ba8cdab	DELETE	/products	undefined
20230918	16:56:19	b2e730cb-0ff8-4e4b-b8ff-c138d2d33080	GET	/products	undefined
20230918	16:57:21	945345ae-599b-4b98-a47b-940804e4f20c	DELETE	/products	undefined
20230918	16:57:35	a86422bc-1103-468d-aaf1-8486c402c8a9	DELETE	/products	undefined
20230918	16:57:42	51ac0741-1d21-470d-967e-887f2a5687c2	GET	/products	undefined
20230919	01:17:04	9f73a4fa-4cae-4125-a30f-2d3e2aee4eaa	GET	/users	undefined
20230919	01:26:14	4567bee0-a2ad-4a89-bf74-cb559ba6ad55	POST	/users	undefined
20230919	01:26:54	55e3e91e-86f0-41d7-8b5d-bc1a56dc3cad	POST	/users	undefined
20230919	01:29:36	068d03e1-e938-4df3-a186-ba41cca15153	POST	/users	undefined
20230919	01:30:06	fbc78b3c-44d9-43e7-9bfb-4e3f2a6ae5e3	POST	/users	undefined
20230919	01:31:10	d1f22800-738b-4a48-86f8-8d2156db31c8	POST	/users	undefined
20230919	01:31:36	5a8334de-5c50-4459-bd01-d89a3092c8e9	POST	/users	undefined
20230919	01:35:57	57d0a0b1-a316-4b79-b867-fb13d2e57d13	POST	/users	undefined
20230919	01:36:10	c97b8c2e-7a7e-4418-a55f-5767fb795346	POST	/users	undefined
20230919	01:36:32	8f95b7ff-2c7b-426f-a58a-9acc3426f0f5	POST	/users	undefined
20230919	01:37:20	e8bc8fcf-0647-4baa-bfec-ccdac9d8b453	POST	/users	undefined
20230919	01:37:45	6ec851e2-42eb-4af7-bbdb-5400795675d5	POST	/users	undefined
20230919	01:38:26	edaaf9fc-b4de-4431-955b-8b00b4d1a283	POST	/users	undefined
20230919	01:40:45	39f29046-2e1f-4c07-ae7d-1396eeaa97ed	GET	/users	undefined
20230919	01:43:28	6a915feb-a8f7-453a-924c-d6d2a740871e	GET	/users	undefined
20230919	01:44:40	64beb743-6b72-4cdc-a923-f2932cd610f9	GET	/users	undefined
20230919	01:44:51	80018ab9-cfb3-4079-944a-02baa23dc6aa	GET	/users	undefined
20230919	01:44:58	c54cf46d-1377-407b-917e-3668ec4e1518	GET	/users	undefined
20230919	01:46:29	74598feb-9d05-4660-948b-86faf3024c1e	GET	/users	undefined
20230919	01:46:42	05c4700c-a09a-42f4-9321-a3de77d78d7d	GET	/users	undefined
20230919	01:46:51	774a1c6c-3218-4194-82f1-e5a28d0ec7ca	GET	/users	undefined
20230919	01:47:54	e8a585bf-a828-4e0a-b661-8094302e68bc	GET	/users	undefined
20230919	01:48:01	59f0a202-8d2d-4866-9cf1-66d61c3ea578	GET	/users	undefined
20230919	01:48:06	a94ad846-c7f0-4ddc-8d11-19b21f600121	GET	/users	undefined
20230919	01:48:11	8e55fe67-67c7-4d50-b03f-b2d47ad75dce	GET	/users	undefined
20230919	01:50:14	ce58daea-b761-48dc-87a1-a2d4be55163f	GET	/users	undefined
20230919	01:50:40	a56dcca2-ed7d-42fe-a702-bc17dede235b	GET	/users	undefined
20230919	01:51:04	e7be1f3e-6c24-4a72-8e70-057c24d44dcc	GET	/users	undefined
20230919	01:51:15	5c1bc92c-2f30-4c89-91d6-ba055e4aea16	GET	/users	undefined
20230919	01:51:46	c2478326-f4b3-48e2-a1e5-1bee5de92a71	GET	/users	undefined
20230919	01:51:52	0c66dded-4de2-4217-be0b-005f449ec59b	GET	/users	undefined
20230919	01:51:57	cc1b2dc7-fa21-4986-9d03-99d177b15317	GET	/users	undefined
20230919	01:52:18	bb08650d-abb0-4c51-962f-acf78c638824	GET	/users	undefined
20230919	02:01:50	189b6431-bf62-4129-9ba5-53f19566eb5d	GET	/users	undefined
20230919	02:02:00	c927879c-5be6-4504-beb2-c7a3640ba344	GET	/users	undefined
20230919	02:03:05	f87b27d2-7113-46a6-ac28-9cc2674458b8	POST	/users	undefined
20230919	02:03:50	e1142526-51ca-4216-8953-647c6da2ddaf	POST	/users	undefined
20230919	02:04:35	b903e0e9-0c61-41ec-96c4-e62516c43460	POST	/users	undefined
20230919	02:05:03	6bfa34a8-93f6-4c35-adf0-794ede1cfc9e	GET	/users	undefined
20230919	02:15:27	1063b267-a545-4acd-8518-fca699b9012a	GET	/users	undefined
